<?xml version="1.0" encoding="UTF-8"?>
<testng-results ignored="0" total="2" passed="2" failed="0" skipped="0">
  <reporter-output>
  </reporter-output>
  <suite started-at="2025-05-13T15:14:52 IST" name="Default suite" finished-at="2025-05-13T15:14:52 IST" duration-ms="50">
    <groups>
    </groups>
    <test started-at="2025-05-13T15:14:52 IST" name="Default test" finished-at="2025-05-13T15:14:52 IST" duration-ms="50">
      <class name="TestNG.javaStreams">
        <test-method signature="streamFilter()[pri:0, instance:TestNG.javaStreams@231f98ef]" started-at="2025-05-13T15:14:52 IST" name="streamFilter" finished-at="2025-05-13T15:14:52 IST" duration-ms="11" status="PASS">
          <reporter-output>
          </reporter-output>
        </test-method> <!-- streamFilter -->
        <test-method signature="test()[pri:0, instance:TestNG.javaStreams@231f98ef]" started-at="2025-05-13T15:14:52 IST" name="test" finished-at="2025-05-13T15:14:52 IST" duration-ms="2" status="PASS">
          <reporter-output>
          </reporter-output>
        </test-method> <!-- test -->
      </class> <!-- TestNG.javaStreams -->
    </test> <!-- Default test -->
  </suite> <!-- Default suite -->
</testng-results>
